<?xml version="1.0" encoding="UTF-8"?>
<!-- Generated by org.testng.reporters.JUnitXMLReporter -->
<testsuite ignored="1" hostname="DESKTOP-2H6M1BJ" failures="0" tests="5" name="Default test" time="93.711" errors="0" timestamp="31 Mar 2022 13:44:03 GMT">
  <testcase classname="com.amazon.stepdefinitions.ShoeValidation" name="footwear" time="37.942"/>
  <testcase classname="com.amazon.stepdefinitions.ShoeValidation" name="filter" time="9.9"/>
  <testcase classname="com.amazon.stepdefinitions.ShoeValidation" name="selection" time="0.532"/>
  <testcase classname="com.amazon.stepdefinitions.ShoeValidation" name="windowhandling" time="0.02"/>
  <testcase classname="com.amazon.stepdefinitions.ShoeValidation" name="dropdown" time="16.891"/>
  <testcase classname="com.amazon.stepdefinitions.ShoeValidation" name="buynow" time="0.0">
    <ignored/>
  </testcase> <!-- buynow -->
</testsuite> <!-- Default test -->
