<?xml version="1.0" encoding="UTF-8"?>
<!-- Generated by org.testng.reporters.JUnitXMLReporter -->
<testsuite ignored="5" hostname="DESKTOP-2H6M1BJ" failures="0" tests="4" name="Test2" time="66.109" errors="0" timestamp="31 Mar 2022 13:59:07 GMT">
  <testcase classname="com.amazon.stepdefinitions.TvValidation" name="tvclick" time="4.791"/>
  <testcase classname="com.amazon.stepdefinitions.ShoeValidation" name="footwear" time="23.956"/>
  <testcase classname="com.amazon.stepdefinitions.TvValidation" name="scroldown" time="0.059"/>
  <testcase classname="com.amazon.stepdefinitions.ShoeValidation" name="filter" time="7.178"/>
  <testcase classname="com.amazon.stepdefinitions.ShoeValidation" name="dropdown" time="0.0">
    <ignored/>
  </testcase> <!-- dropdown -->
  <testcase classname="com.amazon.stepdefinitions.ShoeValidation" name="windowhandling" time="0.0">
    <ignored/>
  </testcase> <!-- windowhandling -->
  <testcase classname="com.amazon.stepdefinitions.ShoeValidation" name="selection" time="0.0">
    <ignored/>
  </testcase> <!-- selection -->
  <testcase classname="com.amazon.stepdefinitions.TvValidation" name="prodclick" time="0.0">
    <ignored/>
  </testcase> <!-- prodclick -->
  <testcase classname="com.amazon.stepdefinitions.ShoeValidation" name="buynow" time="0.0">
    <ignored/>
  </testcase> <!-- buynow -->
</testsuite> <!-- Test2 -->
